[35m[1mConsolidate compiler generated dependencies of target unitree_guide_controller[0m
[  5%] [32mBuilding CXX object CMakeFiles/unitree_guide_controller.dir/src/FSM/StateTrotting.cpp.o[0m
[01m[K/home/yzz/ROS2_WS/src/quadruped_ros2_control-humble/controllers/unitree_guide_controller/src/FSM/StateTrotting.cpp:[m[K In constructor â€˜[01m[KStateTrotting::StateTrotting(CtrlInterfaces&, CtrlComponent&)[m[Kâ€™:
[01m[K/home/yzz/ROS2_WS/src/quadruped_ros2_control-humble/controllers/unitree_guide_controller/src/FSM/StateTrotting.cpp:44:5:[m[K [01;31m[Kerror: [m[Kâ€˜[01m[Kkp_w_roll_pitch_[m[Kâ€™ was not declared in this scope
   44 |     [01;31m[Kkp_w_roll_pitch_[m[K = 1800;  // æ–°å¢žroll/pitchè½´ä¸“ç”¨å¢žç›Š
      |     [01;31m[K^~~~~~~~~~~~~~~~[m[K
[01m[K/home/yzz/ROS2_WS/src/quadruped_ros2_control-humble/controllers/unitree_guide_controller/src/FSM/StateTrotting.cpp:[m[K In member function â€˜[01m[Kvirtual void StateTrotting::enter()[m[Kâ€™:
[01m[K/home/yzz/ROS2_WS/src/quadruped_ros2_control-humble/controllers/unitree_guide_controller/src/FSM/StateTrotting.cpp:76:5:[m[K [01;31m[Kerror: [m[Kâ€˜[01m[Kroll_cmd_[m[Kâ€™ was not declared in this scope
   76 |     [01;31m[Kroll_cmd_[m[K = estimator_->getRoll();
      |     [01;31m[K^~~~~~~~~[m[K
[01m[K/home/yzz/ROS2_WS/src/quadruped_ros2_control-humble/controllers/unitree_guide_controller/src/FSM/StateTrotting.cpp:76:29:[m[K [01;31m[Kerror: [m[Kâ€˜[01m[Kusing element_type = class Estimator[m[Kâ€™ {aka â€˜[01m[Kclass Estimator[m[Kâ€™} has no member named â€˜[01m[KgetRoll[m[Kâ€™
   76 |     roll_cmd_ = estimator_->[01;31m[KgetRoll[m[K();
      |                             [01;31m[K^~~~~~~[m[K
[01m[K/home/yzz/ROS2_WS/src/quadruped_ros2_control-humble/controllers/unitree_guide_controller/src/FSM/StateTrotting.cpp:77:5:[m[K [01;31m[Kerror: [m[Kâ€˜[01m[Kpitch_cmd_[m[Kâ€™ was not declared in this scope
   77 |     [01;31m[Kpitch_cmd_[m[K = estimator_->getPitch();
      |     [01;31m[K^~~~~~~~~~[m[K
[01m[K/home/yzz/ROS2_WS/src/quadruped_ros2_control-humble/controllers/unitree_guide_controller/src/FSM/StateTrotting.cpp:77:30:[m[K [01;31m[Kerror: [m[Kâ€˜[01m[Kusing element_type = class Estimator[m[Kâ€™ {aka â€˜[01m[Kclass Estimator[m[Kâ€™} has no member named â€˜[01m[KgetPitch[m[Kâ€™
   77 |     pitch_cmd_ = estimator_->[01;31m[KgetPitch[m[K();
      |                              [01;31m[K^~~~~~~~[m[K
[01m[K/home/yzz/ROS2_WS/src/quadruped_ros2_control-humble/controllers/unitree_guide_controller/src/FSM/StateTrotting.cpp:[m[K In member function â€˜[01m[Kvoid StateTrotting::getUserCmd()[m[Kâ€™:
[01m[K/home/yzz/ROS2_WS/src/quadruped_ros2_control-humble/controllers/unitree_guide_controller/src/FSM/StateTrotting.cpp:174:28:[m[K [01;31m[Kerror: [m[Kâ€˜[01m[Kv_cmd_body_past_[m[Kâ€™ was not declared in this scope; did you mean â€˜[01m[Kv_cmd_body_[m[Kâ€™?
  174 |     v_cmd_body_(0) = 0.8 * [01;31m[Kv_cmd_body_past_[m[K(0) + 0.2 * v_cmd_body_(0);
      |                            [01;31m[K^~~~~~~~~~~~~~~~[m[K
      |                            [32m[Kv_cmd_body_[m[K
[01m[K/home/yzz/ROS2_WS/src/quadruped_ros2_control-humble/controllers/unitree_guide_controller/src/FSM/StateTrotting.cpp:[m[K In member function â€˜[01m[Kvoid StateTrotting::calcCmd()[m[Kâ€™:
[01m[K/home/yzz/ROS2_WS/src/quadruped_ros2_control-humble/controllers/unitree_guide_controller/src/FSM/StateTrotting.cpp:205:5:[m[K [01;31m[Kerror: [m[Kâ€˜[01m[Kroll_cmd_[m[Kâ€™ was not declared in this scope
  205 |     [01;31m[Kroll_cmd_[m[K = saturation(roll_cmd_, Vec2(estimator_->getRoll() - 0.05, estimator_->getRoll() + 0.05));
      |     [01;31m[K^~~~~~~~~[m[K
[01m[K/home/yzz/ROS2_WS/src/quadruped_ros2_control-humble/controllers/unitree_guide_controller/src/FSM/StateTrotting.cpp:205:56:[m[K [01;31m[Kerror: [m[Kâ€˜[01m[Kusing element_type = class Estimator[m[Kâ€™ {aka â€˜[01m[Kclass Estimator[m[Kâ€™} has no member named â€˜[01m[KgetRoll[m[Kâ€™
  205 |     roll_cmd_ = saturation(roll_cmd_, Vec2(estimator_->[01;31m[KgetRoll[m[K() - 0.05, estimator_->getRoll() + 0.05));
      |                                                        [01;31m[K^~~~~~~[m[K
[01m[K/home/yzz/ROS2_WS/src/quadruped_ros2_control-humble/controllers/unitree_guide_controller/src/FSM/StateTrotting.cpp:205:86:[m[K [01;31m[Kerror: [m[Kâ€˜[01m[Kusing element_type = class Estimator[m[Kâ€™ {aka â€˜[01m[Kclass Estimator[m[Kâ€™} has no member named â€˜[01m[KgetRoll[m[Kâ€™
  205 |     roll_cmd_ = saturation(roll_cmd_, Vec2(estimator_->getRoll() - 0.05, estimator_->[01;31m[KgetRoll[m[K() + 0.05));
      |                                                                                      [01;31m[K^~~~~~~[m[K
[01m[K/home/yzz/ROS2_WS/src/quadruped_ros2_control-humble/controllers/unitree_guide_controller/src/FSM/StateTrotting.cpp:206:5:[m[K [01;31m[Kerror: [m[Kâ€˜[01m[Kpitch_cmd_[m[Kâ€™ was not declared in this scope
  206 |     [01;31m[Kpitch_cmd_[m[K = saturation(pitch_cmd_, Vec2(estimator_->getPitch() - 0.05, estimator_->getPitch() + 0.05));
      |     [01;31m[K^~~~~~~~~~[m[K
[01m[K/home/yzz/ROS2_WS/src/quadruped_ros2_control-humble/controllers/unitree_guide_controller/src/FSM/StateTrotting.cpp:206:58:[m[K [01;31m[Kerror: [m[Kâ€˜[01m[Kusing element_type = class Estimator[m[Kâ€™ {aka â€˜[01m[Kclass Estimator[m[Kâ€™} has no member named â€˜[01m[KgetPitch[m[Kâ€™
  206 |     pitch_cmd_ = saturation(pitch_cmd_, Vec2(estimator_->[01;31m[KgetPitch[m[K() - 0.05, estimator_->getPitch() + 0.05));
      |                                                          [01;31m[K^~~~~~~~[m[K
[01m[K/home/yzz/ROS2_WS/src/quadruped_ros2_control-humble/controllers/unitree_guide_controller/src/FSM/StateTrotting.cpp:206:89:[m[K [01;31m[Kerror: [m[Kâ€˜[01m[Kusing element_type = class Estimator[m[Kâ€™ {aka â€˜[01m[Kclass Estimator[m[Kâ€™} has no member named â€˜[01m[KgetPitch[m[Kâ€™
  206 |     pitch_cmd_ = saturation(pitch_cmd_, Vec2(estimator_->getPitch() - 0.05, estimator_->[01;31m[KgetPitch[m[K() + 0.05));
      |                                                                                         [01;31m[K^~~~~~~~[m[K
[01m[K/home/yzz/ROS2_WS/src/quadruped_ros2_control-humble/controllers/unitree_guide_controller/src/FSM/StateTrotting.cpp:208:27:[m[K [01;31m[Kerror: [m[Kâ€˜[01m[Kroty[m[Kâ€™ was not declared in this scope; did you mean â€˜[01m[Krotz[m[Kâ€™?
  208 |     Rd = rotz(yaw_cmd_) * [01;31m[Kroty[m[K(pitch_cmd_) * rotx(roll_cmd_);
      |                           [01;31m[K^~~~[m[K
      |                           [32m[Krotz[m[K
[01m[K/home/yzz/ROS2_WS/src/quadruped_ros2_control-humble/controllers/unitree_guide_controller/src/FSM/StateTrotting.cpp:208:46:[m[K [01;31m[Kerror: [m[Kâ€˜[01m[Krotx[m[Kâ€™ was not declared in this scope; did you mean â€˜[01m[Krotz[m[Kâ€™?
  208 |     Rd = rotz(yaw_cmd_) * roty(pitch_cmd_) * [01;31m[Krotx[m[K(roll_cmd_);
      |                                              [01;31m[K^~~~[m[K
      |                                              [32m[Krotz[m[K
[01m[K/home/yzz/ROS2_WS/src/quadruped_ros2_control-humble/controllers/unitree_guide_controller/src/FSM/StateTrotting.cpp:[m[K In member function â€˜[01m[Kvoid StateTrotting::calcTau()[m[Kâ€™:
[01m[K/home/yzz/ROS2_WS/src/quadruped_ros2_control-humble/controllers/unitree_guide_controller/src/FSM/StateTrotting.cpp:236:21:[m[K [01;31m[Kerror: [m[Kâ€˜[01m[Kkp_w_roll_pitch_[m[Kâ€™ was not declared in this scope
  236 |     rpy_error(0) *= [01;31m[Kkp_w_roll_pitch_[m[K;  // rollè½´
      |                     [01;31m[K^~~~~~~~~~~~~~~~[m[K
[01m[K/home/yzz/ROS2_WS/src/quadruped_ros2_control-humble/controllers/unitree_guide_controller/src/FSM/StateTrotting.cpp:[m[K In member function â€˜[01m[Kvoid StateTrotting::calcQQd()[m[Kâ€™:
[01m[K/home/yzz/ROS2_WS/src/quadruped_ros2_control-humble/controllers/unitree_guide_controller/src/FSM/StateTrotting.cpp:319:20:[m[K [01;31m[Kerror: [m[Kâ€˜[01m[Kq_goal_past_[m[Kâ€™ was not declared in this scope
  319 |     q_goal = 0.7 * [01;31m[Kq_goal_past_[m[K + 0.3 * q_goal;
      |                    [01;31m[K^~~~~~~~~~~~[m[K
[01m[K/home/yzz/ROS2_WS/src/quadruped_ros2_control-humble/controllers/unitree_guide_controller/src/FSM/StateTrotting.cpp:320:21:[m[K [01;31m[Kerror: [m[Kâ€˜[01m[Kqd_goal_past_[m[Kâ€™ was not declared in this scope
  320 |     qd_goal = 0.7 * [01;31m[Kqd_goal_past_[m[K + 0.3 * qd_goal;
      |                     [01;31m[K^~~~~~~~~~~~~[m[K
gmake[2]: *** [CMakeFiles/unitree_guide_controller.dir/build.make:146ï¼šCMakeFiles/unitree_guide_controller.dir/src/FSM/StateTrotting.cpp.o] é”™è¯¯ 1
gmake[1]: *** [CMakeFiles/Makefile2:137ï¼šCMakeFiles/unitree_guide_controller.dir/all] é”™è¯¯ 2
gmake: *** [Makefile:146ï¼šall] é”™è¯¯ 2
