[35m[1mConsolidate compiler generated dependencies of target unitree_guide_controller[0m
[  5%] [32mBuilding CXX object CMakeFiles/unitree_guide_controller.dir/src/FSM/StateTrotting.cpp.o[0m
In file included from [01m[K/opt/ros/humble/include/rclcpp/rclcpp/logging.hpp:24[m[K,
                 from [01m[K/opt/ros/humble/include/rclcpp/rclcpp/client.hpp:40[m[K,
                 from [01m[K/opt/ros/humble/include/rclcpp/rclcpp/callback_group.hpp:24[m[K,
                 from [01m[K/opt/ros/humble/include/rclcpp/rclcpp/any_executable.hpp:20[m[K,
                 from [01m[K/opt/ros/humble/include/rclcpp/rclcpp/memory_strategy.hpp:25[m[K,
                 from [01m[K/opt/ros/humble/include/rclcpp/rclcpp/memory_strategies.hpp:18[m[K,
                 from [01m[K/opt/ros/humble/include/rclcpp/rclcpp/executor_options.hpp:20[m[K,
                 from [01m[K/opt/ros/humble/include/rclcpp/rclcpp/executor.hpp:37[m[K,
                 from [01m[K/opt/ros/humble/include/rclcpp/rclcpp/executors/multi_threaded_executor.hpp:25[m[K,
                 from [01m[K/opt/ros/humble/include/rclcpp/rclcpp/executors.hpp:21[m[K,
                 from [01m[K/opt/ros/humble/include/rclcpp/rclcpp/rclcpp.hpp:155[m[K,
                 from [01m[K/home/yzz/ROS2_WS/src/quadruped_ros2_control-humble/controllers/unitree_guide_controller/src/FSM/StateTrotting.cpp:12[m[K:
[01m[K/home/yzz/ROS2_WS/src/quadruped_ros2_control-humble/controllers/unitree_guide_controller/src/FSM/StateTrotting.cpp:[m[K In member function â€˜[01m[Kvoid StateTrotting::calcTau()[m[Kâ€™:
[01m[K/home/yzz/ROS2_WS/src/quadruped_ros2_control-humble/controllers/unitree_guide_controller/src/FSM/StateTrotting.cpp:177:17:[m[K [01;31m[Kerror: [m[Kâ€˜[01m[Kleg_names[m[Kâ€™ was not declared in this scope
  177 |                 [01;31m[Kleg_names[m[K[i].c_str(),
      |                 [01;31m[K^~~~~~~~~[m[K
[01m[K/home/yzz/ROS2_WS/src/quadruped_ros2_control-humble/controllers/unitree_guide_controller/src/FSM/StateTrotting.cpp:178:17:[m[K [01;31m[Kerror: [m[Kâ€˜[01m[Kjoint_names[m[Kâ€™ was not declared in this scope
  178 |                 [01;31m[Kjoint_names[m[K[j].c_str(),
      |                 [01;31m[K^~~~~~~~~~~[m[K
gmake[2]: *** [CMakeFiles/unitree_guide_controller.dir/build.make:146ï¼šCMakeFiles/unitree_guide_controller.dir/src/FSM/StateTrotting.cpp.o] é”™è¯¯ 1
gmake[1]: *** [CMakeFiles/Makefile2:137ï¼šCMakeFiles/unitree_guide_controller.dir/all] é”™è¯¯ 2
gmake: *** [Makefile:146ï¼šall] é”™è¯¯ 2
